# JRE version: OpenJDK Runtime Environment (8.0_345-b01) (build 1.8.0_345-b01)
# Java VM: OpenJDK 64-Bit Server VM (25.345-b01 mixed mode windows-amd64 compressed oops)
Heap:
 PSYoungGen      total 723968K, used 275759K [0x0000000780000000, 0x00000007afc00000, 0x00000007c0000000)
  eden space 675328K, 35% used [0x0000000780000000,0x000000078eb332f0,0x00000007a9380000)
  from space 48640K, 71% used [0x00000007ac480000,0x00000007ae698a10,0x00000007af400000)
  to   space 50176K, 0% used [0x00000007a9380000,0x00000007a9380000,0x00000007ac480000)
 ParOldGen       total 135680K, used 83003K [0x0000000700000000, 0x0000000708480000, 0x0000000780000000)
  object space 135680K, 61% used [0x0000000700000000,0x000000070510ecb8,0x0000000708480000)
 Metaspace       used 71132K, capacity 74398K, committed 74624K, reserved 1114112K
  class space    used 9354K, capacity 10009K, committed 10112K, reserved 1048576K
GC Heap History (10 events):
Event: 11423.717 GC heap before
{Heap before GC invocations=48 (full 4):
 PSYoungGen      total 628736K, used 606486K [0x0000000780000000, 0x00000007ab280000, 0x00000007c0000000)
  eden space 577536K, 100% used [0x0000000780000000,0x00000007a3400000,0x00000007a3400000)
  from space 51200K, 56% used [0x00000007a3400000,0x00000007a5045830,0x00000007a6600000)
  to   space 50176K, 0% used [0x00000007a8180000,0x00000007a8180000,0x00000007ab280000)
 ParOldGen       total 135680K, used 82230K [0x0000000700000000, 0x0000000708480000, 0x0000000780000000)
  object space 135680K, 60% used [0x0000000700000000,0x000000070504d9e8,0x0000000708480000)
 Metaspace       used 70689K, capacity 73960K, committed 74112K, reserved 1114112K
  class space    used 9350K, capacity 10003K, committed 10112K, reserved 1048576K
Event: 11424.310 GC heap after
Heap after GC invocations=48 (full 4):
 PSYoungGen      total 650752K, used 8694K [0x0000000780000000, 0x00000007aaf80000, 0x00000007c0000000)
  eden space 603648K, 0% used [0x0000000780000000,0x0000000780000000,0x00000007a4d80000)
  from space 47104K, 18% used [0x00000007a8180000,0x00000007a89fda30,0x00000007aaf80000)
  to   space 50176K, 0% used [0x00000007a4d80000,0x00000007a4d80000,0x00000007a7e80000)
 ParOldGen       total 135680K, used 82278K [0x0000000700000000, 0x0000000708480000, 0x0000000780000000)
  object space 135680K, 60% used [0x0000000700000000,0x00000007050599e8,0x0000000708480000)
 Metaspace       used 70689K, capacity 73960K, committed 74112K, reserved 1114112K
  class space    used 9350K, capacity 10003K, committed 10112K, reserved 1048576K
}
Event: 11441.361 GC heap before
{Heap before GC invocations=49 (full 4):
 PSYoungGen      total 650752K, used 609939K [0x0000000780000000, 0x00000007aaf80000, 0x00000007c0000000)
  eden space 603648K, 99% used [0x0000000780000000,0x00000007a4b27520,0x00000007a4d80000)
  from space 47104K, 18% used [0x00000007a8180000,0x00000007a89fda30,0x00000007aaf80000)
  to   space 50176K, 0% used [0x00000007a4d80000,0x00000007a4d80000,0x00000007a7e80000)
 ParOldGen       total 135680K, used 82278K [0x0000000700000000, 0x0000000708480000, 0x0000000780000000)
  object space 135680K, 60% used [0x0000000700000000,0x00000007050599e8,0x0000000708480000)
 Metaspace       used 70827K, capacity 74042K, committed 74368K, reserved 1114112K
  class space    used 9351K, capacity 10005K, committed 10112K, reserved 1048576K
Event: 11441.639 GC heap after
Heap after GC invocations=49 (full 4):
 PSYoungGen      total 653824K, used 33696K [0x0000000780000000, 0x00000007ade80000, 0x00000007c0000000)
  eden space 603648K, 0% used [0x0000000780000000,0x0000000780000000,0x00000007a4d80000)
  from space 50176K, 67% used [0x00000007a4d80000,0x00000007a6e682b0,0x00000007a7e80000)
  to   space 51712K, 0% used [0x00000007aac00000,0x00000007aac00000,0x00000007ade80000)
 ParOldGen       total 135680K, used 82608K [0x0000000700000000, 0x0000000708480000, 0x0000000780000000)
  object space 135680K, 60% used [0x0000000700000000,0x00000007050ac350,0x0000000708480000)
 Metaspace       used 70827K, capacity 74042K, committed 74368K, reserved 1114112K
  class space    used 9351K, capacity 10005K, committed 10112K, reserved 1048576K
}
Event: 11881.341 GC heap before
{Heap before GC invocations=50 (full 4):
 PSYoungGen      total 653824K, used 637344K [0x0000000780000000, 0x00000007ade80000, 0x00000007c0000000)
  eden space 603648K, 100% used [0x0000000780000000,0x00000007a4d80000,0x00000007a4d80000)
  from space 50176K, 67% used [0x00000007a4d80000,0x00000007a6e682b0,0x00000007a7e80000)
  to   space 51712K, 0% used [0x00000007aac00000,0x00000007aac00000,0x00000007ade80000)
 ParOldGen       total 135680K, used 82608K [0x0000000700000000, 0x0000000708480000, 0x0000000780000000)
  object space 135680K, 60% used [0x0000000700000000,0x00000007050ac350,0x0000000708480000)
 Metaspace       used 70975K, capacity 74316K, committed 74624K, reserved 1114112K
  class space    used 9352K, capacity 10007K, committed 10112K, reserved 1048576K
Event: 11881.599 GC heap after
Heap after GC invocations=50 (full 4):
 PSYoungGen      total 684032K, used 28656K [0x0000000780000000, 0x00000007ad580000, 0x00000007c0000000)
  eden space 641536K, 0% used [0x0000000780000000,0x0000000780000000,0x00000007a7280000)
  from space 42496K, 67% used [0x00000007aac00000,0x00000007ac7fc060,0x00000007ad580000)
  to   space 50688K, 0% used [0x00000007a7280000,0x00000007a7280000,0x00000007aa400000)
 ParOldGen       total 135680K, used 82640K [0x0000000700000000, 0x0000000708480000, 0x0000000780000000)
  object space 135680K, 60% used [0x0000000700000000,0x00000007050b4350,0x0000000708480000)
 Metaspace       used 70975K, capacity 74316K, committed 74624K, reserved 1114112K
  class space    used 9352K, capacity 10007K, committed 10112K, reserved 1048576K
}
Event: 12164.624 GC heap before
{Heap before GC invocations=51 (full 4):
 PSYoungGen      total 684032K, used 670028K [0x0000000780000000, 0x00000007ad580000, 0x00000007c0000000)
  eden space 641536K, 99% used [0x0000000780000000,0x00000007a7257020,0x00000007a7280000)
  from space 42496K, 67% used [0x00000007aac00000,0x00000007ac7fc060,0x00000007ad580000)
  to   space 50688K, 0% used [0x00000007a7280000,0x00000007a7280000,0x00000007aa400000)
 ParOldGen       total 135680K, used 82640K [0x0000000700000000, 0x0000000708480000, 0x0000000780000000)
  object space 135680K, 60% used [0x0000000700000000,0x00000007050b4350,0x0000000708480000)
 Metaspace       used 71015K, capacity 74316K, committed 74624K, reserved 1114112K
  class space    used 9352K, capacity 10007K, committed 10112K, reserved 1048576K
Event: 12165.144 GC heap after
Heap after GC invocations=51 (full 4):
 PSYoungGen      total 692224K, used 26270K [0x0000000780000000, 0x00000007af400000, 0x00000007c0000000)
  eden space 641536K, 0% used [0x0000000780000000,0x0000000780000000,0x00000007a7280000)
  from space 50688K, 51% used [0x00000007a7280000,0x00000007a8c27800,0x00000007aa400000)
  to   space 48640K, 0% used [0x00000007ac480000,0x00000007ac480000,0x00000007af400000)
 ParOldGen       total 135680K, used 82971K [0x0000000700000000, 0x0000000708480000, 0x0000000780000000)
  object space 135680K, 61% used [0x0000000700000000,0x0000000705106cb8,0x0000000708480000)
 Metaspace       used 71015K, capacity 74316K, committed 74624K, reserved 1114112K
  class space    used 9352K, capacity 10007K, committed 10112K, reserved 1048576K
}
Event: 12177.261 GC heap before
{Heap before GC invocations=52 (full 4):
 PSYoungGen      total 692224K, used 665864K [0x0000000780000000, 0x00000007af400000, 0x00000007c0000000)
  eden space 641536K, 99% used [0x0000000780000000,0x00000007a709ab20,0x00000007a7280000)
  from space 50688K, 51% used [0x00000007a7280000,0x00000007a8c27800,0x00000007aa400000)
  to   space 48640K, 0% used [0x00000007ac480000,0x00000007ac480000,0x00000007af400000)
 ParOldGen       total 135680K, used 82971K [0x0000000700000000, 0x0000000708480000, 0x0000000780000000)
  object space 135680K, 61% used [0x0000000700000000,0x0000000705106cb8,0x0000000708480000)
 Metaspace       used 71124K, capacity 74398K, committed 74624K, reserved 1114112K
  class space    used 9353K, capacity 10009K, committed 10112K, reserved 1048576K
Event: 12177.354 GC heap after
Heap after GC invocations=52 (full 4):
 PSYoungGen      total 723968K, used 34914K [0x0000000780000000, 0x00000007afc00000, 0x00000007c0000000)
  eden space 675328K, 0% used [0x0000000780000000,0x0000000780000000,0x00000007a9380000)
  from space 48640K, 71% used [0x00000007ac480000,0x00000007ae698a10,0x00000007af400000)
  to   space 50176K, 0% used [0x00000007a9380000,0x00000007a9380000,0x00000007ac480000)
 ParOldGen       total 135680K, used 83003K [0x0000000700000000, 0x0000000708480000, 0x0000000780000000)
  object space 135680K, 61% used [0x0000000700000000,0x000000070510ecb8,0x0000000708480000)
 Metaspace       used 71124K, capacity 74398K, committed 74624K, reserved 1114112K
  class space    used 9353K, capacity 10009K, committed 10112K, reserved 1048576K
}

